-------------------------------------------------------------------------------
Test set: com.eronalves1996.SelfClosingTagTest
-------------------------------------------------------------------------------
Tests run: 1, Failures: 1, Errors: 0, Skipped: 0, Time elapsed: 0.027 sec <<< FAILURE!
com.eronalves1996.SelfClosingTagTest.testSelfClosingTag()  Time elapsed: 0.026 sec  <<< FAILURE!
java.lang.NullPointerException: Cannot invoke "com.eronalves1996.JSX.tokens()" because "parsedInputTag" is null
	at com.eronalves1996.SelfClosingTagTest.testSelfClosingTag(SelfClosingTagTest.java:18)

