<?xml version="1.0" encoding="UTF-8" ?>
<testsuite tests="1" failures="1" name="com.eronalves1996.OpenAndClosingTagsTest" time="0.002" errors="0" skipped="0">
  <properties>
[...]
</properties>
  <testcase classname="com.eronalves1996.OpenAndClosingTagsTest" name="com.eronalves1996.OpenAndClosingTagsTest.testSimpleOpenAndClosingTags" time="0.002">
    <failure message="No value present" type="java.util.NoSuchElementException">java.util.NoSuchElementException: No value present
	at java.base/java.util.Optional.get(Optional.java:143)
	at com.eronalves1996.processors.JSXToken.tokenize(JSXToken.java:12)
	at com.eronalves1996.JSX.&lt;init&gt;(JSX.java:15)
	at com.eronalves1996.JSX.parse(JSX.java:11)
	at com.eronalves1996.OpenAndClosingTagsTest.testSimpleOpenAndClosingTags(OpenAndClosingTagsTest.java:21)
</failure>
  </testcase>
</testsuite>